<?xml version="1.0" encoding="UTF-8"?>
<testng-results skipped="0" failed="0" ignored="0" total="1" passed="1">
  <reporter-output>
  </reporter-output>
  <suite name="Default suite" duration-ms="21907" started-at="2020-05-20T00:07:22Z" finished-at="2020-05-20T00:07:44Z">
    <groups>
    </groups>
    <test name="Default test" duration-ms="21907" started-at="2020-05-20T00:07:22Z" finished-at="2020-05-20T00:07:44Z">
      <class name="automationpractice.UserLogin">
        <test-method status="PASS" signature="LogintoApplication()[pri:0, instance:automationpractice.UserLogin@5b275dab]" name="LogintoApplication" duration-ms="21585" started-at="2020-05-20T00:07:22Z" finished-at="2020-05-20T00:07:44Z">
          <reporter-output>
          </reporter-output>
        </test-method> <!-- LogintoApplication -->
        <test-method status="PASS" signature="CloseBrowser()[pri:0, instance:automationpractice.UserLogin@5b275dab]" name="CloseBrowser" is-config="true" duration-ms="244" started-at="2020-05-20T00:07:44Z" finished-at="2020-05-20T00:07:44Z">
          <reporter-output>
          </reporter-output>
        </test-method> <!-- CloseBrowser -->
      </class> <!-- automationpractice.UserLogin -->
    </test> <!-- Default test -->
  </suite> <!-- Default suite -->
</testng-results>
